c:\git\bottle-world\sdl\sdl2-2.0.9\visualc\sdl\tmp\sdl\debug64\sdl_displayevents.obj
c:\git\bottle-world\sdl\sdl2-2.0.9\visualc\sdl\tmp\sdl\debug64\sdl_clipboardevents.obj
c:\git\bottle-world\sdl\sdl2-2.0.9\visualc\sdl\tmp\sdl\debug64\sdl_dynapi.obj
c:\git\bottle-world\sdl\sdl2-2.0.9\visualc\sdl\tmp\sdl\debug64\sdl_cpuinfo.obj
c:\git\bottle-world\sdl\sdl2-2.0.9\visualc\sdl\tmp\sdl\debug64\sdl_xinput.obj
c:\git\bottle-world\sdl\sdl2-2.0.9\visualc\sdl\tmp\sdl\debug64\sdl_windows.obj
c:\git\bottle-world\sdl\sdl2-2.0.9\visualc\sdl\tmp\sdl\debug64\sdl_wasapi_win32.obj
c:\git\bottle-world\sdl\sdl2-2.0.9\visualc\sdl\tmp\sdl\debug64\sdl_wasapi.obj
c:\git\bottle-world\sdl\sdl2-2.0.9\visualc\sdl\tmp\sdl\debug64\sdl_winmm.obj
c:\git\bottle-world\sdl\sdl2-2.0.9\visualc\sdl\tmp\sdl\debug64\sdl_wave.obj
c:\git\bottle-world\sdl\sdl2-2.0.9\visualc\sdl\tmp\sdl\debug64\sdl_mixer.obj
c:\git\bottle-world\sdl\sdl2-2.0.9\visualc\sdl\tmp\sdl\debug64\sdl_audiotypecvt.obj
c:\git\bottle-world\sdl\sdl2-2.0.9\visualc\sdl\tmp\sdl\debug64\sdl_audiodev.obj
c:\git\bottle-world\sdl\sdl2-2.0.9\visualc\sdl\tmp\sdl\debug64\sdl_audiocvt.obj
c:\git\bottle-world\sdl\sdl2-2.0.9\visualc\sdl\tmp\sdl\debug64\sdl_audio.obj
c:\git\bottle-world\sdl\sdl2-2.0.9\visualc\sdl\tmp\sdl\debug64\sdl_dummyaudio.obj
c:\git\bottle-world\sdl\sdl2-2.0.9\visualc\sdl\tmp\sdl\debug64\sdl_diskaudio.obj
c:\git\bottle-world\sdl\sdl2-2.0.9\visualc\sdl\tmp\sdl\debug64\sdl_directsound.obj
c:\git\bottle-world\sdl\sdl2-2.0.9\visualc\sdl\tmp\sdl\debug64\sdl_spinlock.obj
c:\git\bottle-world\sdl\sdl2-2.0.9\visualc\sdl\tmp\sdl\debug64\sdl_atomic.obj
c:\git\bottle-world\sdl\sdl2-2.0.9\visualc\sdl\tmp\sdl\debug64\sdl_hidapi_xboxone.obj
c:\git\bottle-world\sdl\sdl2-2.0.9\visualc\sdl\tmp\sdl\debug64\sdl_hidapi_xbox360.obj
c:\git\bottle-world\sdl\sdl2-2.0.9\visualc\sdl\tmp\sdl\debug64\sdl_hidapi_switch.obj
c:\git\bottle-world\sdl\sdl2-2.0.9\visualc\sdl\tmp\sdl\debug64\sdl_hidapi_ps4.obj
c:\git\bottle-world\sdl\sdl2-2.0.9\visualc\sdl\tmp\sdl\debug64\sdl_hidapijoystick.obj
c:\git\bottle-world\sdl\sdl2-2.0.9\visualc\sdl\tmp\sdl\debug64\hid.obj
c:\git\bottle-world\sdl\sdl2-2.0.9\visualc\sdl\tmp\sdl\debug64\sdl_xinputhaptic.obj
c:\git\bottle-world\sdl\sdl2-2.0.9\visualc\sdl\tmp\sdl\debug64\sdl_windowshaptic.obj
c:\git\bottle-world\sdl\sdl2-2.0.9\visualc\sdl\tmp\sdl\debug64\sdl_dinputhaptic.obj
c:\git\bottle-world\sdl\sdl2-2.0.9\visualc\sdl\tmp\sdl\debug64\sdl_haptic.obj
c:\git\bottle-world\sdl\sdl2-2.0.9\visualc\sdl\tmp\sdl\debug64\sdl_sysfilesystem.obj
c:\git\bottle-world\sdl\sdl2-2.0.9\visualc\sdl\tmp\sdl\debug64\sdl_rwops.obj
c:\git\bottle-world\sdl\sdl2-2.0.9\visualc\sdl\tmp\sdl\debug64\sdl_windowevents.obj
c:\git\bottle-world\sdl\sdl2-2.0.9\visualc\sdl\tmp\sdl\debug64\sdl_touch.obj
c:\git\bottle-world\sdl\sdl2-2.0.9\visualc\sdl\tmp\sdl\debug64\sdl_quit.obj
c:\git\bottle-world\sdl\sdl2-2.0.9\visualc\sdl\tmp\sdl\debug64\sdl_mouse.obj
c:\git\bottle-world\sdl\sdl2-2.0.9\visualc\sdl\tmp\sdl\debug64\sdl_keyboard.obj
c:\git\bottle-world\sdl\sdl2-2.0.9\visualc\sdl\tmp\sdl\debug64\sdl_gesture.obj
c:\git\bottle-world\sdl\sdl2-2.0.9\visualc\sdl\tmp\sdl\debug64\sdl_events.obj
c:\git\bottle-world\sdl\sdl2-2.0.9\visualc\sdl\tmp\sdl\debug64\sdl_dropevents.obj
c:\git\bottle-world\sdl\sdl2-2.0.9\visualc\sdl\tmp\sdl\debug64\s_copysign.obj
c:\git\bottle-world\sdl\sdl2-2.0.9\visualc\sdl\tmp\sdl\debug64\s_atan.obj
c:\git\bottle-world\sdl\sdl2-2.0.9\visualc\sdl\tmp\sdl\debug64\k_tan.obj
c:\git\bottle-world\sdl\sdl2-2.0.9\visualc\sdl\tmp\sdl\debug64\k_sin.obj
c:\git\bottle-world\sdl\sdl2-2.0.9\visualc\sdl\tmp\sdl\debug64\k_rem_pio2.obj
c:\git\bottle-world\sdl\sdl2-2.0.9\visualc\sdl\tmp\sdl\debug64\k_cos.obj
c:\git\bottle-world\sdl\sdl2-2.0.9\visualc\sdl\tmp\sdl\debug64\e_sqrt.obj
c:\git\bottle-world\sdl\sdl2-2.0.9\visualc\sdl\tmp\sdl\debug64\e_rem_pio2.obj
c:\git\bottle-world\sdl\sdl2-2.0.9\visualc\sdl\tmp\sdl\debug64\e_pow.obj
c:\git\bottle-world\sdl\sdl2-2.0.9\visualc\sdl\tmp\sdl\debug64\e_log10.obj
c:\git\bottle-world\sdl\sdl2-2.0.9\visualc\sdl\tmp\sdl\debug64\e_log.obj
c:\git\bottle-world\sdl\sdl2-2.0.9\visualc\sdl\tmp\sdl\debug64\e_fmod.obj
c:\git\bottle-world\sdl\sdl2-2.0.9\visualc\sdl\tmp\sdl\debug64\e_exp.obj
c:\git\bottle-world\sdl\sdl2-2.0.9\visualc\sdl\tmp\sdl\debug64\e_atan2.obj
c:\git\bottle-world\sdl\sdl2-2.0.9\visualc\sdl\tmp\sdl\debug64\sdl_xinputjoystick.obj
c:\git\bottle-world\sdl\sdl2-2.0.9\visualc\sdl\tmp\sdl\debug64\sdl_windowsjoystick.obj
c:\git\bottle-world\sdl\sdl2-2.0.9\visualc\sdl\tmp\sdl\debug64\sdl_mmjoystick.obj
c:\git\bottle-world\sdl\sdl2-2.0.9\visualc\sdl\tmp\sdl\debug64\sdl_dinputjoystick.obj
c:\git\bottle-world\sdl\sdl2-2.0.9\visualc\sdl\tmp\sdl\debug64\sdl_joystick.obj
c:\git\bottle-world\sdl\sdl2-2.0.9\visualc\sdl\tmp\sdl\debug64\sdl_gamecontroller.obj
c:\git\bottle-world\sdl\sdl2-2.0.9\visualc\sdl\tmp\sdl\debug64\sdl_yuv_sw.obj
c:\git\bottle-world\sdl\sdl2-2.0.9\visualc\sdl\tmp\sdl\debug64\sdl_render.obj
c:\git\bottle-world\sdl\sdl2-2.0.9\visualc\sdl\tmp\sdl\debug64\sdl_d3dmath.obj
c:\git\bottle-world\sdl\sdl2-2.0.9\visualc\sdl\tmp\sdl\debug64\sdl_shaders_gles2.obj
c:\git\bottle-world\sdl\sdl2-2.0.9\visualc\sdl\tmp\sdl\debug64\sdl_render_gles2.obj
c:\git\bottle-world\sdl\sdl2-2.0.9\visualc\sdl\tmp\sdl\debug64\sdl_shaders_gl.obj
c:\git\bottle-world\sdl\sdl2-2.0.9\visualc\sdl\tmp\sdl\debug64\sdl_render_gl.obj
c:\git\bottle-world\sdl\sdl2-2.0.9\visualc\sdl\tmp\sdl\debug64\sdl_shaders_d3d.obj
c:\git\bottle-world\sdl\sdl2-2.0.9\visualc\sdl\tmp\sdl\debug64\sdl_render_d3d11.obj
c:\git\bottle-world\sdl\sdl2-2.0.9\visualc\sdl\tmp\sdl\debug64\sdl_render_d3d.obj
c:\git\bottle-world\sdl\sdl2-2.0.9\visualc\sdl\tmp\sdl\debug64\sdl_shaders_d3d11.obj
c:\git\bottle-world\sdl\sdl2-2.0.9\visualc\sdl\tmp\sdl\debug64\sdl_syspower.obj
c:\git\bottle-world\sdl\sdl2-2.0.9\visualc\sdl\tmp\sdl\debug64\sdl_power.obj
c:\git\bottle-world\sdl\sdl2-2.0.9\visualc\sdl\tmp\sdl\debug64\sdl_sysloadso.obj
c:\git\bottle-world\sdl\sdl2-2.0.9\visualc\sdl\tmp\sdl\debug64\s_tan.obj
c:\git\bottle-world\sdl\sdl2-2.0.9\visualc\sdl\tmp\sdl\debug64\s_sin.obj
c:\git\bottle-world\sdl\sdl2-2.0.9\visualc\sdl\tmp\sdl\debug64\s_scalbn.obj
c:\git\bottle-world\sdl\sdl2-2.0.9\visualc\sdl\tmp\sdl\debug64\s_floor.obj
c:\git\bottle-world\sdl\sdl2-2.0.9\visualc\sdl\tmp\sdl\debug64\s_fabs.obj
c:\git\bottle-world\sdl\sdl2-2.0.9\visualc\sdl\tmp\sdl\debug64\s_cos.obj
c:\git\bottle-world\sdl\sdl2-2.0.9\visualc\sdl\tmp\sdl\debug64\sdl_stdlib.obj
c:\git\bottle-world\sdl\sdl2-2.0.9\visualc\sdl\tmp\sdl\debug64\sdl_qsort.obj
c:\git\bottle-world\sdl\sdl2-2.0.9\visualc\sdl\tmp\sdl\debug64\sdl_malloc.obj
c:\git\bottle-world\sdl\sdl2-2.0.9\visualc\sdl\tmp\sdl\debug64\sdl_iconv.obj
c:\git\bottle-world\sdl\sdl2-2.0.9\visualc\sdl\tmp\sdl\debug64\sdl_getenv.obj
c:\git\bottle-world\sdl\sdl2-2.0.9\visualc\sdl\tmp\sdl\debug64\sdl_sensor.obj
c:\git\bottle-world\sdl\sdl2-2.0.9\visualc\sdl\tmp\sdl\debug64\sdl_dummysensor.obj
c:\git\bottle-world\sdl\sdl2-2.0.9\visualc\sdl\tmp\sdl\debug64\sdl_log.obj
c:\git\bottle-world\sdl\sdl2-2.0.9\visualc\sdl\tmp\sdl\debug64\sdl_hints.obj
c:\git\bottle-world\sdl\sdl2-2.0.9\visualc\sdl\tmp\sdl\debug64\sdl_error.obj
c:\git\bottle-world\sdl\sdl2-2.0.9\visualc\sdl\tmp\sdl\debug64\sdl_dataqueue.obj
c:\git\bottle-world\sdl\sdl2-2.0.9\visualc\sdl\tmp\sdl\debug64\sdl_assert.obj
c:\git\bottle-world\sdl\sdl2-2.0.9\visualc\sdl\tmp\sdl\debug64\sdl.obj
c:\git\bottle-world\sdl\sdl2-2.0.9\visualc\sdl\tmp\sdl\debug64\sdl_rotate.obj
c:\git\bottle-world\sdl\sdl2-2.0.9\visualc\sdl\tmp\sdl\debug64\sdl_render_sw.obj
c:\git\bottle-world\sdl\sdl2-2.0.9\visualc\sdl\tmp\sdl\debug64\sdl_drawpoint.obj
c:\git\bottle-world\sdl\sdl2-2.0.9\visualc\sdl\tmp\sdl\debug64\sdl_drawline.obj
c:\git\bottle-world\sdl\sdl2-2.0.9\visualc\sdl\tmp\sdl\debug64\sdl_blendpoint.obj
c:\git\bottle-world\sdl\sdl2-2.0.9\visualc\sdl\tmp\sdl\debug64\sdl_blendline.obj
c:\git\bottle-world\sdl\sdl2-2.0.9\visualc\sdl\tmp\sdl\debug64\sdl_blendfillrect.obj
c:\git\bottle-world\sdl\sdl2-2.0.9\visualc\sdl\tmp\sdl\debug64\sdl_blit_slow.obj
c:\git\bottle-world\sdl\sdl2-2.0.9\visualc\sdl\tmp\sdl\debug64\sdl_blit_n.obj
c:\git\bottle-world\sdl\sdl2-2.0.9\visualc\sdl\tmp\sdl\debug64\sdl_blit_copy.obj
c:\git\bottle-world\sdl\sdl2-2.0.9\visualc\sdl\tmp\sdl\debug64\sdl_blit_auto.obj
c:\git\bottle-world\sdl\sdl2-2.0.9\visualc\sdl\tmp\sdl\debug64\sdl_blit_a.obj
c:\git\bottle-world\sdl\sdl2-2.0.9\visualc\sdl\tmp\sdl\debug64\sdl_blit_1.obj
c:\git\bottle-world\sdl\sdl2-2.0.9\visualc\sdl\tmp\sdl\debug64\sdl_blit_0.obj
c:\git\bottle-world\sdl\sdl2-2.0.9\visualc\sdl\tmp\sdl\debug64\sdl_blit.obj
c:\git\bottle-world\sdl\sdl2-2.0.9\visualc\sdl\tmp\sdl\debug64\sdl_nullvideo.obj
c:\git\bottle-world\sdl\sdl2-2.0.9\visualc\sdl\tmp\sdl\debug64\sdl_nullframebuffer.obj
c:\git\bottle-world\sdl\sdl2-2.0.9\visualc\sdl\tmp\sdl\debug64\sdl_nullevents.obj
c:\git\bottle-world\sdl\sdl2-2.0.9\visualc\sdl\tmp\sdl\debug64\sdl_systimer.obj
c:\git\bottle-world\sdl\sdl2-2.0.9\visualc\sdl\tmp\sdl\debug64\sdl_timer.obj
c:\git\bottle-world\sdl\sdl2-2.0.9\visualc\sdl\tmp\sdl\debug64\sdl_systls.obj
c:\git\bottle-world\sdl\sdl2-2.0.9\visualc\sdl\tmp\sdl\debug64\sdl_systhread.obj
c:\git\bottle-world\sdl\sdl2-2.0.9\visualc\sdl\tmp\sdl\debug64\sdl_syssem.obj
c:\git\bottle-world\sdl\sdl2-2.0.9\visualc\sdl\tmp\sdl\debug64\sdl_sysmutex.obj
c:\git\bottle-world\sdl\sdl2-2.0.9\visualc\sdl\tmp\sdl\debug64\sdl_thread.obj
c:\git\bottle-world\sdl\sdl2-2.0.9\visualc\sdl\tmp\sdl\debug64\sdl_syscond.obj
c:\git\bottle-world\sdl\sdl2-2.0.9\visualc\sdl\tmp\sdl\debug64\sdl_string.obj
c:\git\bottle-world\sdl\sdl2-2.0.9\visualc\sdl\tmp\sdl\debug64\sdl_windowsmouse.obj
c:\git\bottle-world\sdl\sdl2-2.0.9\visualc\sdl\tmp\sdl\debug64\sdl_windowsmodes.obj
c:\git\bottle-world\sdl\sdl2-2.0.9\visualc\sdl\tmp\sdl\debug64\sdl_windowsmessagebox.obj
c:\git\bottle-world\sdl\sdl2-2.0.9\visualc\sdl\tmp\sdl\debug64\sdl_windowskeyboard.obj
c:\git\bottle-world\sdl\sdl2-2.0.9\visualc\sdl\tmp\sdl\debug64\sdl_windowsframebuffer.obj
c:\git\bottle-world\sdl\sdl2-2.0.9\visualc\sdl\tmp\sdl\debug64\sdl_windowsevents.obj
c:\git\bottle-world\sdl\sdl2-2.0.9\visualc\sdl\tmp\sdl\debug64\sdl_windowsclipboard.obj
c:\git\bottle-world\sdl\sdl2-2.0.9\visualc\sdl\tmp\sdl\debug64\sdl_yuv.obj
c:\git\bottle-world\sdl\sdl2-2.0.9\visualc\sdl\tmp\sdl\debug64\sdl_vulkan_utils.obj
c:\git\bottle-world\sdl\sdl2-2.0.9\visualc\sdl\tmp\sdl\debug64\sdl_video.obj
c:\git\bottle-world\sdl\sdl2-2.0.9\visualc\sdl\tmp\sdl\debug64\sdl_surface.obj
c:\git\bottle-world\sdl\sdl2-2.0.9\visualc\sdl\tmp\sdl\debug64\sdl_stretch.obj
c:\git\bottle-world\sdl\sdl2-2.0.9\visualc\sdl\tmp\sdl\debug64\sdl_shape.obj
c:\git\bottle-world\sdl\sdl2-2.0.9\visualc\sdl\tmp\sdl\debug64\sdl_rleaccel.obj
c:\git\bottle-world\sdl\sdl2-2.0.9\visualc\sdl\tmp\sdl\debug64\sdl_rect.obj
c:\git\bottle-world\sdl\sdl2-2.0.9\visualc\sdl\tmp\sdl\debug64\sdl_pixels.obj
c:\git\bottle-world\sdl\sdl2-2.0.9\visualc\sdl\tmp\sdl\debug64\sdl_fillrect.obj
c:\git\bottle-world\sdl\sdl2-2.0.9\visualc\sdl\tmp\sdl\debug64\sdl_egl.obj
c:\git\bottle-world\sdl\sdl2-2.0.9\visualc\sdl\tmp\sdl\debug64\sdl_clipboard.obj
c:\git\bottle-world\sdl\sdl2-2.0.9\visualc\sdl\tmp\sdl\debug64\sdl_bmp.obj
c:\git\bottle-world\sdl\sdl2-2.0.9\visualc\sdl\tmp\sdl\debug64\yuv_rgb.obj
c:\git\bottle-world\sdl\sdl2-2.0.9\visualc\sdl\tmp\sdl\debug64\sdl_windowswindow.obj
c:\git\bottle-world\sdl\sdl2-2.0.9\visualc\sdl\tmp\sdl\debug64\sdl_windowsvulkan.obj
c:\git\bottle-world\sdl\sdl2-2.0.9\visualc\sdl\tmp\sdl\debug64\sdl_windowsvideo.obj
c:\git\bottle-world\sdl\sdl2-2.0.9\visualc\sdl\tmp\sdl\debug64\sdl_windowsshape.obj
c:\git\bottle-world\sdl\sdl2-2.0.9\visualc\sdl\tmp\sdl\debug64\sdl_windowsopengles.obj
c:\git\bottle-world\sdl\sdl2-2.0.9\visualc\sdl\tmp\sdl\debug64\sdl_windowsopengl.obj
c:\git\bottle-world\lib\sdl2.lib
c:\git\bottle-world\sdl\sdl2-2.0.9\visualc\sdl\tmp\sdl\debug64\version.res
c:\git\bottle-world\sdl\sdl2-2.0.9\visualc\sdl\..\..\..\..\lib\sdl2.lib
c:\git\bottle-world\sdl\sdl2-2.0.9\visualc\sdl\tmp\sdl\debug64\sdl2.tlog\cl.command.1.tlog
c:\git\bottle-world\sdl\sdl2-2.0.9\visualc\sdl\tmp\sdl\debug64\sdl2.tlog\cl.read.1.tlog
c:\git\bottle-world\sdl\sdl2-2.0.9\visualc\sdl\tmp\sdl\debug64\sdl2.tlog\cl.write.1.tlog
c:\git\bottle-world\sdl\sdl2-2.0.9\visualc\sdl\tmp\sdl\debug64\sdl2.tlog\lib-link-cvtres.read.1.tlog
c:\git\bottle-world\sdl\sdl2-2.0.9\visualc\sdl\tmp\sdl\debug64\sdl2.tlog\lib-link-cvtres.write.1.tlog
c:\git\bottle-world\sdl\sdl2-2.0.9\visualc\sdl\tmp\sdl\debug64\sdl2.tlog\lib.command.1.tlog
c:\git\bottle-world\sdl\sdl2-2.0.9\visualc\sdl\tmp\sdl\debug64\sdl2.tlog\rc.command.1.tlog
c:\git\bottle-world\sdl\sdl2-2.0.9\visualc\sdl\tmp\sdl\debug64\sdl2.tlog\rc.read.1.tlog
c:\git\bottle-world\sdl\sdl2-2.0.9\visualc\sdl\tmp\sdl\debug64\sdl2.tlog\rc.write.1.tlog
